{"/Users/ferozabdulrehman/Documents/Feroz/Projects/firstlwc/force-app/main/default/lwc/hello/hello.js": {"path":"/Users/ferozabdulrehman/Documents/Feroz/Projects/firstlwc/force-app/main/default/lwc/hello/hello.js","statementMap":{"0":{"start":{"line":3,"column":52},"end":{"line":3,"column":null}},"1":{"start":{"line":3,"column":0},"end":{"line":3,"column":15}}},"fnMap":{"0":{"name":"(anonymous_1)","decl":{"start":{"line":3,"column":52},"end":{"line":3,"column":null}},"loc":{"start":{"line":3,"column":52},"end":{"line":3,"column":null}}}},"branchMap":{},"s":{"0":2,"1":1},"f":{"0":1},"b":{}}
}
